<?xml version="1.0" encoding="UTF-8"?>
<!-- Generated by org.testng.reporters.JUnitReportReporter -->
<testsuite hostname="Srimannarayana" failures="0" tests="1" name="com.demoqa.testscripts.TC001_VerifyStudentRegistrationForm" time="7.977" errors="0" timestamp="2023-06-18T17:26:30 IST" skipped="0">
  <testcase classname="com.demoqa.testscripts.TC001_VerifyStudentRegistrationForm" name="verifyFormDeatails" time="7.977"/>
  <system-out/>
</testsuite> <!-- com.demoqa.testscripts.TC001_VerifyStudentRegistrationForm -->
