<?xml version="1.0" encoding="UTF-8"?>
<!-- Generated by org.testng.reporters.JUnitReportReporter -->
<testsuite hostname="DESKTOP-04JA60Q" name="com.demoqa.testscripts.EnterLoginFormData" tests="1" failures="0" timestamp="18 Jun 2023 02:50:32 GMT" time="14.102" errors="0">
  <testcase name="fillLoginFoem" time="14.102" classname="com.demoqa.testscripts.EnterLoginFormData"/>
</testsuite> <!-- com.demoqa.testscripts.EnterLoginFormData -->
