<?xml version="1.0" encoding="UTF-8"?>
<!-- Generated by org.testng.reporters.JUnitReportReporter -->
<testsuite hostname="DESKTOP-04JA60Q" name="com.demoqa.testscripts.TC001_VerifyLoginFormTest" tests="1" failures="0" timestamp="18 Jun 2023 03:43:49 GMT" time="13.119" errors="0">
  <testcase name="verifyFormDetails" time="13.119" classname="com.demoqa.testscripts.TC001_VerifyLoginFormTest"/>
</testsuite> <!-- com.demoqa.testscripts.TC001_VerifyLoginFormTest -->
