<?xml version="1.0" encoding="UTF-8"?>
<!-- Generated by org.testng.reporters.JUnitReportReporter -->
<testsuite hostname="DESKTOP-04JA60Q" name="com.demoqa.testscripts.CheckBox" tests="1" failures="0" timestamp="18 Jun 2023 02:51:19 GMT" time="18.259" errors="0">
  <testcase name="fillLoginFoem" time="18.259" classname="com.demoqa.testscripts.CheckBox"/>
</testsuite> <!-- com.demoqa.testscripts.CheckBox -->
