<?xml version="1.0" encoding="UTF-8"?>
<!-- Generated by org.testng.reporters.JUnitReportReporter -->
<testsuite hostname="DESKTOP-04JA60Q" name="com.demoqa.testscripts.TC003_VerifyTextBoxTest" tests="1" failures="0" timestamp="18 Jun 2023 03:40:59 GMT" time="8.562" errors="0">
  <testcase name="verifyTextBoxTest" time="8.562" classname="com.demoqa.testscripts.TC003_VerifyTextBoxTest"/>
</testsuite> <!-- com.demoqa.testscripts.TC003_VerifyTextBoxTest -->
