<?xml version="1.0" encoding="UTF-8"?>
<!-- Generated by org.testng.reporters.JUnitReportReporter -->
<testsuite hostname="DESKTOP-04JA60Q" name="com.demoqa.testscripts.TC001_VerifyLoginOperation" tests="1" failures="0" timestamp="21 Jun 2023 02:56:27 GMT" time="11.864" errors="0">
  <testcase name="verifyLoginTest" time="11.864" classname="com.demoqa.testscripts.TC001_VerifyLoginOperation"/>
</testsuite> <!-- com.demoqa.testscripts.TC001_VerifyLoginOperation -->
