<?xml version="1.0" encoding="UTF-8"?>
<!-- Generated by org.testng.reporters.JUnitReportReporter -->
<testsuite hostname="Srimannarayana" failures="0" tests="1" name="com.demoqa.testscripts.TC002_VerifyTextBoxDetails" time="13.582" errors="0" timestamp="2023-06-18T17:26:03 IST" skipped="0">
  <testcase classname="com.demoqa.testscripts.TC002_VerifyTextBoxDetails" name="fillTextBOXDetails" time="13.582"/>
  <system-out/>
</testsuite> <!-- com.demoqa.testscripts.TC002_VerifyTextBoxDetails -->
